<?xml version="1.0" encoding="UTF-8"?>
<testsuite xmlns:xsi="http://www.w3.org/2001/XMLSchema-instance" xsi:noNamespaceSchemaLocation="https://maven.apache.org/surefire/maven-surefire-plugin/xsd/surefire-test-report.xsd" name="uy.edu.ucu.aed.Test_Junit4" time="0" tests="1" errors="0" skipped="0" failures="0">
  <properties>
    <property name="java.specification.version" value="16"/>
    <property name="sun.cpu.isalist" value="amd64"/>
    <property name="sun.jnu.encoding" value="Cp1252"/>
    <property name="java.class.path" value="D:\Agustin\Desktop\TemplateGrafos\target\test-classes;D:\Agustin\Desktop\TemplateGrafos\target\classes;C:\Users\apare\.m2\repository\org\junit\jupiter\junit-jupiter-engine\5.1.0\junit-jupiter-engine-5.1.0.jar;C:\Users\apare\.m2\repository\org\apiguardian\apiguardian-api\1.0.0\apiguardian-api-1.0.0.jar;C:\Users\apare\.m2\repository\org\junit\platform\junit-platform-engine\1.1.0\junit-platform-engine-1.1.0.jar;C:\Users\apare\.m2\repository\org\junit\platform\junit-platform-commons\1.1.0\junit-platform-commons-1.1.0.jar;C:\Users\apare\.m2\repository\org\opentest4j\opentest4j\1.0.0\opentest4j-1.0.0.jar;C:\Users\apare\.m2\repository\org\junit\jupiter\junit-jupiter-api\5.1.0\junit-jupiter-api-5.1.0.jar;C:\Users\apare\.m2\repository\org\junit\vintage\junit-vintage-engine\5.1.0\junit-vintage-engine-5.1.0.jar;C:\Users\apare\.m2\repository\junit\junit\4.12\junit-4.12.jar;C:\Users\apare\.m2\repository\org\hamcrest\hamcrest-core\1.3\hamcrest-core-1.3.jar;"/>
    <property name="java.vm.vendor" value="Oracle Corporation"/>
    <property name="sun.arch.data.model" value="64"/>
    <property name="user.variant" value=""/>
    <property name="java.vendor.url" value="https://java.oracle.com/"/>
    <property name="user.timezone" value="America/Montevideo"/>
    <property name="os.name" value="Windows 10"/>
    <property name="java.vm.specification.version" value="16"/>
    <property name="user.country" value="UY"/>
    <property name="sun.java.launcher" value="SUN_STANDARD"/>
    <property name="sun.boot.library.path" value="D:\Programas\Java\jdk-16.0.1\bin"/>
    <property name="sun.java.command" value="C:\Users\apare\AppData\Local\Temp\surefire6236204435733740263\surefirebooter7080978431769378572.jar C:\Users\apare\AppData\Local\Temp\surefire6236204435733740263 2024-06-25T23-14-48_294-jvmRun1 surefire9601551086785403007tmp surefire_01641525364228188588tmp"/>
    <property name="jdk.debug" value="release"/>
    <property name="surefire.test.class.path" value="D:\Agustin\Desktop\TemplateGrafos\target\test-classes;D:\Agustin\Desktop\TemplateGrafos\target\classes;C:\Users\apare\.m2\repository\org\junit\jupiter\junit-jupiter-engine\5.1.0\junit-jupiter-engine-5.1.0.jar;C:\Users\apare\.m2\repository\org\apiguardian\apiguardian-api\1.0.0\apiguardian-api-1.0.0.jar;C:\Users\apare\.m2\repository\org\junit\platform\junit-platform-engine\1.1.0\junit-platform-engine-1.1.0.jar;C:\Users\apare\.m2\repository\org\junit\platform\junit-platform-commons\1.1.0\junit-platform-commons-1.1.0.jar;C:\Users\apare\.m2\repository\org\opentest4j\opentest4j\1.0.0\opentest4j-1.0.0.jar;C:\Users\apare\.m2\repository\org\junit\jupiter\junit-jupiter-api\5.1.0\junit-jupiter-api-5.1.0.jar;C:\Users\apare\.m2\repository\org\junit\vintage\junit-vintage-engine\5.1.0\junit-vintage-engine-5.1.0.jar;C:\Users\apare\.m2\repository\junit\junit\4.12\junit-4.12.jar;C:\Users\apare\.m2\repository\org\hamcrest\hamcrest-core\1.3\hamcrest-core-1.3.jar;"/>
    <property name="sun.cpu.endian" value="little"/>
    <property name="user.home" value="C:\Users\apare"/>
    <property name="user.language" value="es"/>
    <property name="java.specification.vendor" value="Oracle Corporation"/>
    <property name="java.version.date" value="2021-04-20"/>
    <property name="java.home" value="D:\Programas\Java\jdk-16.0.1"/>
    <property name="file.separator" value="\"/>
    <property name="basedir" value="D:\Agustin\Desktop\TemplateGrafos"/>
    <property name="java.vm.compressedOopsMode" value="Zero based"/>
    <property name="line.separator" value="&#10;"/>
    <property name="java.vm.specification.vendor" value="Oracle Corporation"/>
    <property name="java.specification.name" value="Java Platform API Specification"/>
    <property name="surefire.real.class.path" value="C:\Users\apare\AppData\Local\Temp\surefire6236204435733740263\surefirebooter7080978431769378572.jar"/>
    <property name="user.script" value=""/>
    <property name="sun.management.compiler" value="HotSpot 64-Bit Tiered Compilers"/>
    <property name="java.runtime.version" value="16.0.1+9-24"/>
    <property name="user.name" value="Agustin"/>
    <property name="path.separator" value=";"/>
    <property name="os.version" value="10.0"/>
    <property name="java.runtime.name" value="Java(TM) SE Runtime Environment"/>
    <property name="file.encoding" value="UTF-8"/>
    <property name="java.vm.name" value="Java HotSpot(TM) 64-Bit Server VM"/>
    <property name="maven.ext.class.path" value="D:\Programas\NetBeans-13\netbeans\java\maven-nblib\netbeans-eventspy.jar"/>
    <property name="localRepository" value="C:\Users\apare\.m2\repository"/>
    <property name="java.vendor.url.bug" value="https://bugreport.java.com/bugreport/"/>
    <property name="java.io.tmpdir" value="C:\Users\apare\AppData\Local\Temp\"/>
    <property name="java.version" value="16.0.1"/>
    <property name="user.dir" value="D:\Agustin\Desktop\TemplateGrafos"/>
    <property name="os.arch" value="amd64"/>
    <property name="java.vm.specification.name" value="Java Virtual Machine Specification"/>
    <property name="sun.os.patch.level" value=""/>
    <property name="java.library.path" value="D:\Programas\Java\jdk-16.0.1\bin;C:\WINDOWS\Sun\Java\bin;C:\WINDOWS\system32;C:\WINDOWS;C:\Python39\Scripts\;C:\Python39\;C:\Program Files\Common Files\Oracle\Java\javapath;C:\WINDOWS\system32;C:\WINDOWS;C:\WINDOWS\System32\Wbem;C:\WINDOWS\System32\WindowsPowerShell\v1.0\;C:\WINDOWS\System32\OpenSSH\;C:\Program Files (x86)\NVIDIA Corporation\PhysX\Common;C:\Program Files\NVIDIA Corporation\NVIDIA NvDLISR;C:\Program Files\Microsoft VS Code\bin;D:\Programas\Git\cmd;C:\Program Files\nodejs\;C:\ProgramData\chocolatey\bin;C:\WINDOWS\system32;C:\WINDOWS;C:\WINDOWS\System32\Wbem;C:\WINDOWS\System32\WindowsPowerShell\v1.0\;C:\WINDOWS\System32\OpenSSH\;C:\Program Files\dotnet\;C:\Windows\Microsoft.NET\Framework\v4.0.30319\;C:\Program Files (x86)\Microsoft SDKs\Windows\v10.0A\bin\NETFX 4.8 Tools\;C:\Program Files\TortoiseSVN\bin;C:\Program Files\PowerShell\7\;C:\Users\apare\AppData\Local\Microsoft\WindowsApps;C:\Users\apare\AppData\Roaming\npm;D:\Programas\heroku\bin;C:\Users\apare\.dotnet\tools;C:\Windows\Microsoft.NET\Framework\v4.0.30319;;."/>
    <property name="java.vm.info" value="mixed mode, sharing"/>
    <property name="java.vendor" value="Oracle Corporation"/>
    <property name="java.vm.version" value="16.0.1+9-24"/>
    <property name="sun.io.unicode.encoding" value="UnicodeLittle"/>
    <property name="java.class.version" value="60.0"/>
  </properties>
  <testcase name="shouldAnswerWithTrueInJUnit4Test" classname="uy.edu.ucu.aed.Test_Junit4" time="0"/>
</testsuite>